<?xml version="1.0" encoding="UTF-8"?>
<testsuite name="MainTest" tests="3" skipped="0" failures="0" errors="0" timestamp="2020-04-26T22:52:49" hostname="YG-TouchBar.attlocal.net" time="1.885">
  <properties/>
  <testcase name="testMotorsCreated" classname="MainTest" time="1.873"/>
  <testcase name="testThroatStarted" classname="MainTest" time="0.005"/>
  <testcase name="testThroatStopped" classname="MainTest" time="0.007"/>
  <system-out><![CDATA[]]></system-out>
  <system-err><![CDATA[]]></system-err>
</testsuite>
