<?xml version="1.0" encoding="UTF-8"?>
<testsuite name="frc.robot.MainTest" tests="2" skipped="0" failures="0" errors="0" timestamp="2020-04-26T00:08:08" hostname="YG-TouchBar.attlocal.net" time="1.066">
  <properties/>
  <testcase name="testElevatorMotorRunsWhenElevatorStarted" classname="frc.robot.MainTest" time="1.052"/>
  <testcase name="testElevatorMotorStopsWhenSubsystemStopped" classname="frc.robot.MainTest" time="0.014"/>
  <system-out><![CDATA[]]></system-out>
  <system-err><![CDATA[]]></system-err>
</testsuite>
